<?xml version="1.0" encoding="UTF-8"?>
<!-- Generated by org.testng.reporters.JUnitXMLReporter -->
<testsuite ignored="0" hostname="LAPTOP-J2H72JVH" failures="0" tests="4" name="Default test" time="2.878" errors="0" timestamp="2024-10-03T08:52:56 GMT-07:00">
  <testcase classname="RestAPI.CookiesandHeader" name="setUpGoogle" time="2.41"/>
  <testcase classname="RestAPI.CookiesandHeader" name="sout" time="0.003"/>
  <testcase classname="RestAPI.CookiesandHeader" name="storeCookie" time="0.171"/>
  <testcase classname="RestAPI.CookiesandHeader" name="verifyHeaders" time="0.138"/>
</testsuite> <!-- Default test -->
