<?xml version="1.0" encoding="UTF-8"?>
<testng-results ignored="0" total="1" passed="1" failed="0" skipped="0">
  <reporter-output>
  </reporter-output>
  <suite started-at="2024-10-13T22:28:51 GMT-07:00" name="Default suite" finished-at="2024-10-13T22:28:52 GMT-07:00" duration-ms="1596">
    <groups>
    </groups>
    <test started-at="2024-10-13T22:28:51 GMT-07:00" name="Default test" finished-at="2024-10-13T22:28:52 GMT-07:00" duration-ms="1596">
      <class name="RestPractise.DeleteRequest">
        <test-method signature="deleteCreatedRequest()[pri:0, instance:RestPractise.DeleteRequest@5e403b4a]" started-at="2024-10-13T22:28:51 GMT-07:00" name="deleteCreatedRequest" finished-at="2024-10-13T22:28:52 GMT-07:00" duration-ms="1484" status="PASS">
          <reporter-output>
          </reporter-output>
        </test-method> <!-- deleteCreatedRequest -->
      </class> <!-- RestPractise.DeleteRequest -->
    </test> <!-- Default test -->
  </suite> <!-- Default suite -->
</testng-results>
