<?xml version="1.0" encoding="UTF-8"?>
<testng-results ignored="0" total="4" passed="4" failed="0" skipped="0">
  <reporter-output>
  </reporter-output>
  <suite started-at="2024-10-03T08:52:53 GMT-07:00" name="Default suite" finished-at="2024-10-03T08:52:56 GMT-07:00" duration-ms="2878">
    <groups>
    </groups>
    <test started-at="2024-10-03T08:52:53 GMT-07:00" name="Default test" finished-at="2024-10-03T08:52:56 GMT-07:00" duration-ms="2878">
      <class name="RestAPI.CookiesandHeader">
        <test-method signature="setUpGoogle()[pri:1, instance:RestAPI.CookiesandHeader@2812b107]" started-at="2024-10-03T08:52:53 GMT-07:00" name="setUpGoogle" finished-at="2024-10-03T08:52:56 GMT-07:00" duration-ms="2410" status="PASS">
          <reporter-output>
          </reporter-output>
        </test-method> <!-- setUpGoogle -->
        <test-method signature="sout()[pri:2, instance:RestAPI.CookiesandHeader@2812b107]" started-at="2024-10-03T08:52:56 GMT-07:00" name="sout" finished-at="2024-10-03T08:52:56 GMT-07:00" duration-ms="3" status="PASS">
          <reporter-output>
          </reporter-output>
        </test-method> <!-- sout -->
        <test-method signature="storeCookie()[pri:3, instance:RestAPI.CookiesandHeader@2812b107]" started-at="2024-10-03T08:52:56 GMT-07:00" name="storeCookie" finished-at="2024-10-03T08:52:56 GMT-07:00" duration-ms="171" status="PASS">
          <reporter-output>
          </reporter-output>
        </test-method> <!-- storeCookie -->
        <test-method signature="verifyHeaders()[pri:4, instance:RestAPI.CookiesandHeader@2812b107]" started-at="2024-10-03T08:52:56 GMT-07:00" name="verifyHeaders" finished-at="2024-10-03T08:52:56 GMT-07:00" duration-ms="138" status="PASS">
          <reporter-output>
          </reporter-output>
        </test-method> <!-- verifyHeaders -->
      </class> <!-- RestAPI.CookiesandHeader -->
    </test> <!-- Default test -->
  </suite> <!-- Default suite -->
</testng-results>
